This is pdfTeX, Version 3.141592653-2.6-1.40.22 (MiKTeX 21.2) (preloaded format=pdflatex 2022.9.13)  2 MAY 2023 21:32
entering extended mode
**./writeup_bias_variance.tex
(writeup_bias_variance.tex
LaTeX2e <2022-06-01> patch level 5
L3 programming layer <2022-07-04>
(C:\Users\mushr\AppData\Local\Programs\MiKTeX\tex/latex/base\article.cls
Document Class: article 2021/10/04 v1.4n Standard LaTeX document class
(C:\Users\mushr\AppData\Local\Programs\MiKTeX\tex/latex/base\size10.clo
File: size10.clo 2021/10/04 v1.4n Standard LaTeX file (size option)
)
\c@part=\count185
\c@section=\count186
\c@subsection=\count187
\c@subsubsection=\count188
\c@paragraph=\count189
\c@subparagraph=\count190
\c@figure=\count191
\c@table=\count192
\abovecaptionskip=\skip47
\belowcaptionskip=\skip48
\bibindent=\dimen138
)
(C:\Users\mushr\AppData\Local\Programs\MiKTeX\tex/latex/graphics\graphicx.sty
Package: graphicx 2021/09/16 v1.2d Enhanced LaTeX Graphics (DPC,SPQR)

(C:\Users\mushr\AppData\Local\Programs\MiKTeX\tex/latex/graphics\keyval.sty
Package: keyval 2022/05/29 v1.15 key=value parser (DPC)
\KV@toks@=\toks16
)
(C:\Users\mushr\AppData\Local\Programs\MiKTeX\tex/latex/graphics\graphics.sty
Package: graphics 2022/03/10 v1.4e Standard LaTeX Graphics (DPC,SPQR)

(C:\Users\mushr\AppData\Local\Programs\MiKTeX\tex/latex/graphics\trig.sty
Package: trig 2021/08/11 v1.11 sin cos tan (DPC)
)
(C:\Users\mushr\AppData\Local\Programs\MiKTeX\tex/latex/graphics-cfg\graphics.c
fg
File: graphics.cfg 2016/06/04 v1.11 sample graphics configuration
)
Package graphics Info: Driver file: pdftex.def on input line 107.

(C:\Users\mushr\AppData\Local\Programs\MiKTeX\tex/latex/graphics-def\pdftex.def
File: pdftex.def 2020/10/05 v1.2a Graphics/color driver for pdftex
))
\Gin@req@height=\dimen139
\Gin@req@width=\dimen140
) (C:\Users\mushr\AppData\Local\Programs\MiKTeX\tex/latex/xcolor\xcolor.sty
Package: xcolor 2022/06/12 v2.14 LaTeX color extensions (UK)

(C:\Users\mushr\AppData\Local\Programs\MiKTeX\tex/latex/graphics-cfg\color.cfg
File: color.cfg 2016/01/02 v1.6 sample color configuration
)
Package xcolor Info: Driver file: pdftex.def on input line 227.

(C:\Users\mushr\AppData\Local\Programs\MiKTeX\tex/latex-dev/graphics\mathcolor.
ltx)
Package xcolor Info: Model `cmy' substituted by `cmy0' on input line 1353.
Package xcolor Info: Model `hsb' substituted by `rgb' on input line 1357.
Package xcolor Info: Model `RGB' extended on input line 1369.
Package xcolor Info: Model `HTML' substituted by `rgb' on input line 1371.
Package xcolor Info: Model `Hsb' substituted by `hsb' on input line 1372.
Package xcolor Info: Model `tHsb' substituted by `hsb' on input line 1373.
Package xcolor Info: Model `HSB' substituted by `hsb' on input line 1374.
Package xcolor Info: Model `Gray' substituted by `gray' on input line 1375.
Package xcolor Info: Model `wave' substituted by `hsb' on input line 1376.
)
(C:\Users\mushr\AppData\Local\Programs\MiKTeX\tex/latex/amsfonts\amsfonts.sty
Package: amsfonts 2013/01/14 v3.01 Basic AMSFonts support
\@emptytoks=\toks17
\symAMSa=\mathgroup4
\symAMSb=\mathgroup5
LaTeX Font Info:    Redeclaring math symbol \hbar on input line 98.
LaTeX Font Info:    Overwriting math alphabet `\mathfrak' in version `bold'
(Font)                  U/euf/m/n --> U/euf/b/n on input line 106.
)
(C:\Users\mushr\AppData\Local\Programs\MiKTeX\tex/latex/amsmath\amsmath.sty
Package: amsmath 2022/04/08 v2.17n AMS math features
\@mathmargin=\skip49

For additional information on amsmath, use the `?' option.
(C:\Users\mushr\AppData\Local\Programs\MiKTeX\tex/latex/amsmath\amstext.sty
Package: amstext 2021/08/26 v2.01 AMS text

(C:\Users\mushr\AppData\Local\Programs\MiKTeX\tex/latex/amsmath\amsgen.sty
File: amsgen.sty 1999/11/30 v2.0 generic functions
\@emptytoks=\toks18
\ex@=\dimen141
))
(C:\Users\mushr\AppData\Local\Programs\MiKTeX\tex/latex/amsmath\amsbsy.sty
Package: amsbsy 1999/11/29 v1.2d Bold Symbols
\pmbraise@=\dimen142
)
(C:\Users\mushr\AppData\Local\Programs\MiKTeX\tex/latex/amsmath\amsopn.sty
Package: amsopn 2022/04/08 v2.04 operator names
)
\inf@bad=\count193
LaTeX Info: Redefining \frac on input line 234.
\uproot@=\count194
\leftroot@=\count195
LaTeX Info: Redefining \overline on input line 399.
LaTeX Info: Redefining \colon on input line 410.
\classnum@=\count196
\DOTSCASE@=\count197
LaTeX Info: Redefining \ldots on input line 496.
LaTeX Info: Redefining \dots on input line 499.
LaTeX Info: Redefining \cdots on input line 620.
\Mathstrutbox@=\box51
\strutbox@=\box52
LaTeX Info: Redefining \big on input line 722.
LaTeX Info: Redefining \Big on input line 723.
LaTeX Info: Redefining \bigg on input line 724.
LaTeX Info: Redefining \Bigg on input line 725.
\big@size=\dimen143
LaTeX Font Info:    Redeclaring font encoding OML on input line 743.
LaTeX Font Info:    Redeclaring font encoding OMS on input line 744.
\macc@depth=\count198
LaTeX Info: Redefining \bmod on input line 905.
LaTeX Info: Redefining \pmod on input line 910.
LaTeX Info: Redefining \smash on input line 940.
LaTeX Info: Redefining \relbar on input line 970.
LaTeX Info: Redefining \Relbar on input line 971.
\c@MaxMatrixCols=\count199
\dotsspace@=\muskip16
\c@parentequation=\count266
\dspbrk@lvl=\count267
\tag@help=\toks19
\row@=\count268
\column@=\count269
\maxfields@=\count270
\andhelp@=\toks20
\eqnshift@=\dimen144
\alignsep@=\dimen145
\tagshift@=\dimen146
\tagwidth@=\dimen147
\totwidth@=\dimen148
\lineht@=\dimen149
\@envbody=\toks21
\multlinegap=\skip50
\multlinetaggap=\skip51
\mathdisplay@stack=\toks22
LaTeX Info: Redefining \[ on input line 2953.
LaTeX Info: Redefining \] on input line 2954.
)
(C:\Users\mushr\AppData\Local\Programs\MiKTeX\tex/latex/amscls\amsthm.sty
Package: amsthm 2020/05/29 v2.20.6
\thm@style=\toks23
\thm@bodyfont=\toks24
\thm@headfont=\toks25
\thm@notefont=\toks26
\thm@headpunct=\toks27
\thm@preskip=\skip52
\thm@postskip=\skip53
\thm@headsep=\skip54
\dth@everypar=\toks28
)
(C:\Users\mushr\AppData\Local\Programs\MiKTeX\tex/latex/geometry\geometry.sty
Package: geometry 2020/01/02 v5.9 Page Geometry

(C:\Users\mushr\AppData\Local\Programs\MiKTeX\tex/generic/iftex\ifvtex.sty
Package: ifvtex 2019/10/25 v1.7 ifvtex legacy package. Use iftex instead.

(C:\Users\mushr\AppData\Local\Programs\MiKTeX\tex/generic/iftex\iftex.sty
Package: iftex 2022/02/03 v1.0f TeX engine tests
))
\Gm@cnth=\count271
\Gm@cntv=\count272
\c@Gm@tempcnt=\count273
\Gm@bindingoffset=\dimen150
\Gm@wd@mp=\dimen151
\Gm@odd@mp=\dimen152
\Gm@even@mp=\dimen153
\Gm@layoutwidth=\dimen154
\Gm@layoutheight=\dimen155
\Gm@layouthoffset=\dimen156
\Gm@layoutvoffset=\dimen157
\Gm@dimlist=\toks29

(C:\Users\mushr\AppData\Local\Programs\MiKTeX\tex/latex/geometry\geometry.cfg))
(C:\Users\mushr\AppData\Local\Programs\MiKTeX\tex/latex/listings\listings.sty
\lst@mode=\count274
\lst@gtempboxa=\box53
\lst@token=\toks30
\lst@length=\count275
\lst@currlwidth=\dimen158
\lst@column=\count276
\lst@pos=\count277
\lst@lostspace=\dimen159
\lst@width=\dimen160
\lst@newlines=\count278
\lst@lineno=\count279
\lst@maxwidth=\dimen161

(C:\Users\mushr\AppData\Local\Programs\MiKTeX\tex/latex/listings\lstmisc.sty
File: lstmisc.sty 2020/03/24 1.8d (Carsten Heinz)
\c@lstnumber=\count280
\lst@skipnumbers=\count281
\lst@framebox=\box54
)
(C:\Users\mushr\AppData\Local\Programs\MiKTeX\tex/latex/listings\listings.cfg
File: listings.cfg 2020/03/24 1.8d listings configuration
))
Package: listings 2020/03/24 1.8d (Carsten Heinz)
(C:\Users\mushr\AppData\Local\Programs\MiKTeX\tex/latex/caption\subcaption.sty
Package: subcaption 2022/01/07 v1.5 Sub-captions (AR)

(C:\Users\mushr\AppData\Local\Programs\MiKTeX\tex/latex/caption\caption.sty
Package: caption 2022/03/01 v3.6b Customizing captions (AR)

(C:\Users\mushr\AppData\Local\Programs\MiKTeX\tex/latex/caption\caption3.sty
Package: caption3 2022/03/17 v2.3b caption3 kernel (AR)
\caption@tempdima=\dimen162
\captionmargin=\dimen163
\caption@leftmargin=\dimen164
\caption@rightmargin=\dimen165
\caption@width=\dimen166
\caption@indent=\dimen167
\caption@parindent=\dimen168
\caption@hangindent=\dimen169
Package caption Info: Standard document class detected.
)
\c@caption@flags=\count282
\c@continuedfloat=\count283
Package caption Info: listings package is loaded.
)
\c@subfigure=\count284
\c@subtable=\count285
)
\c@theorem=\count286

(C:\Users\mushr\AppData\Local\Programs\MiKTeX\tex/latex/l3backend\l3backend-pdf
tex.def
File: l3backend-pdftex.def 2022-07-01 L3 backend support: PDF output (pdfTeX)
\l__color_backend_stack_int=\count287
\l__pdf_internal_box=\box55
)
No file writeup_bias_variance.aux.
\openout1 = `writeup_bias_variance.aux'.

LaTeX Font Info:    Checking defaults for OML/cmm/m/it on input line 30.
LaTeX Font Info:    ... okay on input line 30.
LaTeX Font Info:    Checking defaults for OMS/cmsy/m/n on input line 30.
LaTeX Font Info:    ... okay on input line 30.
LaTeX Font Info:    Checking defaults for OT1/cmr/m/n on input line 30.
LaTeX Font Info:    ... okay on input line 30.
LaTeX Font Info:    Checking defaults for T1/cmr/m/n on input line 30.
LaTeX Font Info:    ... okay on input line 30.
LaTeX Font Info:    Checking defaults for TS1/cmr/m/n on input line 30.
LaTeX Font Info:    ... okay on input line 30.
LaTeX Font Info:    Checking defaults for OMX/cmex/m/n on input line 30.
LaTeX Font Info:    ... okay on input line 30.
LaTeX Font Info:    Checking defaults for U/cmr/m/n on input line 30.
LaTeX Font Info:    ... okay on input line 30.

(C:\Users\mushr\AppData\Local\Programs\MiKTeX\tex/context/base/mkii\supp-pdf.mk
ii
[Loading MPS to PDF converter (version 2006.09.02).]
\scratchcounter=\count288
\scratchdimen=\dimen170
\scratchbox=\box56
\nofMPsegments=\count289
\nofMParguments=\count290
\everyMPshowfont=\toks31
\MPscratchCnt=\count291
\MPscratchDim=\dimen171
\MPnumerator=\count292
\makeMPintoPDFobject=\count293
\everyMPtoPDFconversion=\toks32
)
(C:\Users\mushr\AppData\Local\Programs\MiKTeX\tex/latex/epstopdf-pkg\epstopdf-b
ase.sty
Package: epstopdf-base 2020-01-24 v2.11 Base part for package epstopdf
Package epstopdf-base Info: Redefining graphics rule for `.eps' on input line 4
85.

(C:\Users\mushr\AppData\Local\Programs\MiKTeX\tex/latex/00miktex\epstopdf-sys.c
fg
File: epstopdf-sys.cfg 2021/03/18 v2.0 Configuration of epstopdf for MiKTeX
))
*geometry* driver: auto-detecting
*geometry* detected driver: pdftex
*geometry* verbose mode - [ preamble ] result:
* driver: pdftex
* paper: a4paper
* layout: <same size as paper>
* layoutoffset:(h,v)=(0.0pt,0.0pt)
* modes: 
* h-part:(L,W,R)=(56.9055pt, 483.69684pt, 56.90553pt)
* v-part:(T,H,B)=(56.9055pt, 731.23582pt, 56.90552pt)
* \paperwidth=597.50787pt
* \paperheight=845.04684pt
* \textwidth=483.69684pt
* \textheight=731.23582pt
* \oddsidemargin=-15.36449pt
* \evensidemargin=-15.36449pt
* \topmargin=-52.36449pt
* \headheight=12.0pt
* \headsep=25.0pt
* \topskip=10.0pt
* \footskip=30.0pt
* \marginparwidth=65.0pt
* \marginparsep=11.0pt
* \columnsep=10.0pt
* \skip\footins=9.0pt plus 4.0pt minus 2.0pt
* \hoffset=0.0pt
* \voffset=0.0pt
* \mag=1000
* \@twocolumnfalse
* \@twosidefalse
* \@mparswitchfalse
* \@reversemarginfalse
* (1in=72.27pt=25.4mm, 1cm=28.453pt)

\c@lstlisting=\count294
Package caption Info: Begin \AtBeginDocument code.
Package caption Info: End \AtBeginDocument code.
LaTeX Font Info:    Trying to load font information for U+msa on input line 39.

(C:\Users\mushr\AppData\Local\Programs\MiKTeX\tex/latex/amsfonts\umsa.fd
File: umsa.fd 2013/01/14 v3.01 AMS symbols A
)
LaTeX Font Info:    Trying to load font information for U+msb on input line 39.


(C:\Users\mushr\AppData\Local\Programs\MiKTeX\tex/latex/amsfonts\umsb.fd
File: umsb.fd 2013/01/14 v3.01 AMS symbols B
)
[1

{C:/Users/mushr/AppData/Local/MiKTeX/fonts/map/pdftex/pdftex.map}]

LaTeX Warning: Reference `ap:q2' on page 2 undefined on input line 95.


LaTeX Warning: Reference `ap:RSStrte' on page 2 undefined on input line 95.


LaTeX Warning: Reference `fig:Q2_1' on page 2 undefined on input line 96.


LaTeX Warning: Reference `fig:Q2_2' on page 2 undefined on input line 98.


LaTeX Warning: Reference `fig:Q2_1' on page 2 undefined on input line 98.


LaTeX Warning: Reference `fig:Q2_1' on page 2 undefined on input line 98.

<figures/q2_1.jpg, id=16, 1519.6775pt x 1248.665pt>
File: figures/q2_1.jpg Graphic file (type jpg)
<use figures/q2_1.jpg>
Package pdftex.def Info: figures/q2_1.jpg  used on input line 105.
(pdftex.def)             Requested size: 303.93011pt x 249.72858pt.
<figures/q2_2.jpg, id=17, 1519.6775pt x 1248.665pt>
File: figures/q2_2.jpg Graphic file (type jpg)
<use figures/q2_2.jpg>
Package pdftex.def Info: figures/q2_2.jpg  used on input line 113.
(pdftex.def)             Requested size: 303.93011pt x 249.72858pt.

LaTeX Warning: `h' float specifier changed to `ht'.

[2 <./figures/q2_1.jpg>] [3 <./figures/q2_2.jpg>]

LaTeX Warning: Reference `ap:q3' on page 4 undefined on input line 121.


LaTeX Warning: Reference `ap:bestsubset' on page 4 undefined on input line 121.



LaTeX Warning: Reference `ap:generateTrain' on page 4 undefined on input line 1
21.


LaTeX Warning: Reference `ap:q4' on page 4 undefined on input line 136.


LaTeX Warning: Reference `ap:greedysubset' on page 4 undefined on input line 13
6.


LaTeX Warning: Reference `ap:generateTrain' on page 4 undefined on input line 1
36.


Underfull \hbox (badness 10000) in paragraph at lines 136--138

 []


LaTeX Warning: Reference `ap:q5' on page 4 undefined on input line 148.


LaTeX Warning: Reference `ap:greedysubsetmodified' on page 4 undefined on input
 line 148.


LaTeX Warning: Reference `ap:generateTrain' on page 4 undefined on input line 1
48.


LaTeX Warning: Reference `ap:improvedfit' on page 4 undefined on input line 148
.


LaTeX Warning: Reference `ap:q6' on page 4 undefined on input line 158.


LaTeX Warning: Reference `ap:crossval' on page 4 undefined on input line 158.


LaTeX Warning: Reference `ap:RSS' on page 4 undefined on input line 158.


LaTeX Warning: Reference `ap:generateTrain' on page 4 undefined on input line 1
58.


LaTeX Warning: Reference `ap:bestsubset' on page 4 undefined on input line 158.



LaTeX Warning: Reference `eqn:1' on page 4 undefined on input line 179.


LaTeX Warning: Reference `eqn:2' on page 4 undefined on input line 179.


LaTeX Warning: Reference `eqn:1' on page 4 undefined on input line 179.


LaTeX Warning: Reference `eqn:2' on page 4 undefined on input line 179.


LaTeX Warning: Reference `eqn:1' on page 4 undefined on input line 181.

[4

]

LaTeX Warning: Reference `eqn:2' on page 5 undefined on input line 184.


LaTeX Warning: Reference `eqn:2' on page 5 undefined on input line 186.


LaTeX Warning: Reference `eqn:1' on page 5 undefined on input line 193.


LaTeX Warning: Reference `eqn:1' on page 5 undefined on input line 194.


LaTeX Warning: Reference `eqn:2' on page 5 undefined on input line 194.


LaTeX Warning: Reference `ap:q8' on page 5 undefined on input line 198.


LaTeX Warning: Reference `ap:crossval' on page 5 undefined on input line 198.


LaTeX Warning: Reference `ap:RSS' on page 5 undefined on input line 198.


LaTeX Warning: Reference `fig:Q8_RSStrain' on page 5 undefined on input line 20
1.


LaTeX Warning: Reference `fig:Q8_1_RSStest' on page 5 undefined on input line 2
01.


LaTeX Warning: Reference `q8_2' on page 5 undefined on input line 201.


LaTeX Warning: Reference `q8_3' on page 5 undefined on input line 201.


LaTeX Warning: Reference `q8_4' on page 5 undefined on input line 201.


LaTeX Warning: Reference `q8_2' on page 5 undefined on input line 206.


LaTeX Warning: Reference `q8_3' on page 5 undefined on input line 206.


LaTeX Warning: Reference `q8_4' on page 5 undefined on input line 206.


LaTeX Warning: Reference `q8_4' on page 5 undefined on input line 207.


LaTeX Warning: Reference `fig:Q8_RSStrain' on page 5 undefined on input line 20
9.


LaTeX Warning: Reference `fig:Q8_1_RSStest' on page 5 undefined on input line 2
09.

<figures/q8_1_RSStest.jpg, id=29, 1686.3pt x 1264.725pt>
File: figures/q8_1_RSStest.jpg Graphic file (type jpg)
<use figures/q8_1_RSStest.jpg>
Package pdftex.def Info: figures/q8_1_RSStest.jpg  used on input line 220.
(pdftex.def)             Requested size: 337.25403pt x 252.94052pt.

LaTeX Warning: `h' float specifier changed to `ht'.

<figures/q8_RSStrain.jpg, id=30, 1686.3pt x 1264.725pt>
File: figures/q8_RSStrain.jpg Graphic file (type jpg)
<use figures/q8_RSStrain.jpg>
Package pdftex.def Info: figures/q8_RSStrain.jpg  used on input line 227.
(pdftex.def)             Requested size: 337.25403pt x 252.94052pt.

LaTeX Warning: `h' float specifier changed to `ht'.

<figures/q8_2.jpg, id=31, 1686.3pt x 1264.725pt>
File: figures/q8_2.jpg Graphic file (type jpg)
<use figures/q8_2.jpg>
Package pdftex.def Info: figures/q8_2.jpg  used on input line 235.
(pdftex.def)             Requested size: 181.3863pt x 136.03247pt.
<figures/q8_3.jpg, id=32, 1686.3pt x 1264.725pt>
File: figures/q8_3.jpg Graphic file (type jpg)
<use figures/q8_3.jpg>
Package pdftex.def Info: figures/q8_3.jpg  used on input line 242.
(pdftex.def)             Requested size: 181.3863pt x 136.03247pt.
<figures/q8_4.jpg, id=33, 1686.3pt x 1264.725pt>
File: figures/q8_4.jpg Graphic file (type jpg)
<use figures/q8_4.jpg>
Package pdftex.def Info: figures/q8_4.jpg  used on input line 249.
(pdftex.def)             Requested size: 181.3863pt x 136.03247pt.
<figures/q8_5.jpg, id=34, 1686.3pt x 1264.725pt>
File: figures/q8_5.jpg Graphic file (type jpg)
<use figures/q8_5.jpg>
Package pdftex.def Info: figures/q8_5.jpg  used on input line 255.
(pdftex.def)             Requested size: 181.3863pt x 136.03247pt.
<figures/q8_6.jpg, id=35, 1686.3pt x 1264.725pt>
File: figures/q8_6.jpg Graphic file (type jpg)
<use figures/q8_6.jpg>
Package pdftex.def Info: figures/q8_6.jpg  used on input line 266.
(pdftex.def)             Requested size: 181.3863pt x 136.03247pt.
<figures/q8_7.jpg, id=36, 1686.3pt x 1264.725pt>
File: figures/q8_7.jpg Graphic file (type jpg)
<use figures/q8_7.jpg>
Package pdftex.def Info: figures/q8_7.jpg  used on input line 273.
(pdftex.def)             Requested size: 181.3863pt x 136.03247pt.
<figures/q8_8.jpg, id=37, 1686.3pt x 1264.725pt>
File: figures/q8_8.jpg Graphic file (type jpg)
<use figures/q8_8.jpg>
Package pdftex.def Info: figures/q8_8.jpg  used on input line 280.
(pdftex.def)             Requested size: 181.3863pt x 136.03247pt.
<figures/q8_9.jpg, id=38, 1686.3pt x 1264.725pt>
File: figures/q8_9.jpg Graphic file (type jpg)
<use figures/q8_9.jpg>
Package pdftex.def Info: figures/q8_9.jpg  used on input line 286.
(pdftex.def)             Requested size: 181.3863pt x 136.03247pt.
<figures/q8_random1.jpg, id=39, 1686.3pt x 1264.725pt>
File: figures/q8_random1.jpg Graphic file (type jpg)
<use figures/q8_random1.jpg>
Package pdftex.def Info: figures/q8_random1.jpg  used on input line 297.
(pdftex.def)             Requested size: 181.3863pt x 136.03247pt.
<figures/q8_random2.jpg, id=40, 1686.3pt x 1264.725pt>
File: figures/q8_random2.jpg Graphic file (type jpg)
<use figures/q8_random2.jpg>
Package pdftex.def Info: figures/q8_random2.jpg  used on input line 304.
(pdftex.def)             Requested size: 181.3863pt x 136.03247pt.
<figures/q8_random3.jpg, id=41, 1686.3pt x 1264.725pt>
File: figures/q8_random3.jpg Graphic file (type jpg)
<use figures/q8_random3.jpg>
Package pdftex.def Info: figures/q8_random3.jpg  used on input line 311.
(pdftex.def)             Requested size: 181.3863pt x 136.03247pt.
<figures/q8_random4.jpg, id=42, 1686.3pt x 1264.725pt>
File: figures/q8_random4.jpg Graphic file (type jpg)
<use figures/q8_random4.jpg>
Package pdftex.def Info: figures/q8_random4.jpg  used on input line 317.
(pdftex.def)             Requested size: 181.3863pt x 136.03247pt.
[5] [6 <./figures/q8_1_RSStest.jpg> <./figures/q8_RSStrain.jpg>] [7 <./figures/
q8_2.jpg> <./figures/q8_3.jpg> <./figures/q8_4.jpg> <./figures/q8_5.jpg> <./fig
ures/q8_6.jpg> <./figures/q8_7.jpg> <./figures/q8_8.jpg> <./figures/q8_9.jpg>]
[8 <./figures/q8_random1.jpg> <./figures/q8_random2.jpg> <./figures/q8_random3.
jpg> <./figures/q8_random4.jpg>]
(C:\Users\mushr\AppData\Local\Programs\MiKTeX\tex/latex/listings\lstlang1.sty
File: lstlang1.sty 2020/03/24 1.8d listings language file
)
LaTeX Font Info:    Font shape `OT1/cmtt/bx/n' in size <10> not available
(Font)              Font shape `OT1/cmtt/m/n' tried instead on input line 337.

[9

] [10] [11] [12] [13] [14] [15]
LaTeX Font Info:    Trying to load font information for TS1+cmtt on input li